2023-06-14 10:18:33,614 - __main__ - INFO - Processing ADILABAD (0)
2023-06-14 10:18:33,964 - __main__ - INFO - Processing AGAR  MALWA (1)
2023-06-14 10:18:34,270 - __main__ - INFO - Processing AGRA (2)
2023-06-14 10:18:34,773 - __main__ - INFO - Processing AHMADNAGAR (3)
2023-06-14 10:18:35,275 - __main__ - INFO - Processing AHMEDABAD (4)
2023-06-14 10:18:35,713 - __main__ - INFO - Processing AIZAWL (5)
2023-06-14 10:18:36,018 - __main__ - INFO - Processing AJMER (6)
2023-06-14 10:18:36,334 - __main__ - INFO - Processing AKOLA (7)
2023-06-14 10:18:36,613 - __main__ - INFO - Processing ALAPPUZHA (8)
2023-06-14 10:18:36,932 - __main__ - INFO - Processing ALIGARH (9)
2023-06-14 10:18:37,257 - __main__ - INFO - Processing ALIPURDUAR (10)
2023-06-14 10:18:37,539 - __main__ - INFO - Processing ALIRAJPUR (11)
2023-06-14 10:18:37,807 - __main__ - INFO - Processing ALLAHABAD (12)
2023-06-14 10:18:38,173 - __main__ - INFO - Processing ALLURI SEETHARAMA RA (13)
2023-06-14 10:18:38,482 - __main__ - INFO - Processing ALMORA (14)
2023-06-14 10:18:38,743 - __main__ - INFO - Processing ALWAR (15)
2023-06-14 10:18:39,077 - __main__ - INFO - Processing AMBALA (16)
2023-06-14 10:18:39,462 - __main__ - INFO - Processing AMBEDKARNAGAR (17)
2023-06-14 10:18:39,783 - __main__ - INFO - Processing AMETHI/CSM NAGAR (18)
2023-06-14 10:18:40,150 - __main__ - INFO - Processing AMRAVATI (19)
2023-06-14 10:18:40,477 - __main__ - INFO - Processing AMRELI (20)
2023-06-14 10:18:40,815 - __main__ - INFO - Processing AMRITSAR (21)
2023-06-14 10:18:41,281 - __main__ - INFO - Processing AMROHA (22)
2023-06-14 10:18:41,628 - __main__ - INFO - Processing ANAKAPALLI (23)
2023-06-14 10:18:41,948 - __main__ - INFO - Processing ANAND (24)
2023-06-14 10:18:42,257 - __main__ - INFO - Processing ANANTAPUR (25)
2023-06-14 10:18:42,653 - __main__ - INFO - Processing ANANTNAG (26)
2023-06-14 10:18:42,937 - __main__ - INFO - Processing ANGUL (27)
2023-06-14 10:18:43,258 - __main__ - INFO - Processing ANJAW (28)
2023-06-14 10:18:43,515 - __main__ - INFO - Processing ANNAMAYA (29)
2023-06-14 10:18:43,853 - __main__ - INFO - Processing ANUPUR (30)
2023-06-14 10:18:44,107 - __main__ - INFO - Processing ARARIA (31)
2023-06-14 10:18:44,403 - __main__ - INFO - Processing ARAVALLI (32)
2023-06-14 10:18:44,760 - __main__ - INFO - Processing ARIYALUR (33)
2023-06-14 10:18:45,065 - __main__ - INFO - Processing ARWAL (34)
2023-06-14 10:18:45,326 - __main__ - INFO - Processing ASHOKNAGAR (35)
2023-06-14 10:18:45,611 - __main__ - INFO - Processing AURAIYA (36)
2023-06-14 10:18:45,944 - __main__ - INFO - Processing AURANGABAD (37)
2023-06-14 10:18:46,300 - __main__ - INFO - Processing AURANGABAD (38)
2023-06-14 10:18:46,689 - __main__ - INFO - Processing AZAMGARH (39)
2023-06-14 10:18:47,117 - __main__ - INFO - Processing BADGAM (40)
2023-06-14 10:18:47,408 - __main__ - INFO - Processing BADWANI (41)
2023-06-14 10:18:47,767 - __main__ - INFO - Processing BAGALKOT (42)
2023-06-14 10:18:48,140 - __main__ - INFO - Processing BAGESHWAR (43)
2023-06-14 10:18:48,407 - __main__ - INFO - Processing BAGHPAT (44)
2023-06-14 10:18:48,695 - __main__ - INFO - Processing BAHRAICH (45)
2023-06-14 10:18:48,990 - __main__ - INFO - Processing BAJALI (46)
2023-06-14 10:18:49,255 - __main__ - INFO - Processing BAKSA (47)
2023-06-14 10:18:49,533 - __main__ - INFO - Processing BALAGHAT (48)
2023-06-14 10:18:49,835 - __main__ - INFO - Processing BALESHWAR (49)
2023-06-14 10:18:50,193 - __main__ - INFO - Processing BALLIA (50)
2023-06-14 10:18:50,546 - __main__ - INFO - Processing BALOD (51)
2023-06-14 10:18:50,824 - __main__ - INFO - Processing BALODABAZAR (52)
2023-06-14 10:18:51,162 - __main__ - INFO - Processing BALRAMPUR (53)
2023-06-14 10:18:51,431 - __main__ - INFO - Processing BALRAMPUR (54)
2023-06-14 10:18:51,743 - __main__ - INFO - Processing BANAS KANTHA (55)
2023-06-14 10:18:52,161 - __main__ - INFO - Processing BANDA (56)
2023-06-14 10:18:52,523 - __main__ - INFO - Processing BANDIPORA (57)
2023-06-14 10:18:52,781 - __main__ - INFO - Processing BANGALORE (58)
2023-06-14 10:18:53,263 - __main__ - INFO - Processing BANGALORE RURAL (59)
2023-06-14 10:18:53,643 - __main__ - INFO - Processing BANKA (60)
2023-06-14 10:18:53,915 - __main__ - INFO - Processing BANKURA (61)
2023-06-14 10:18:54,246 - __main__ - INFO - Processing BANSWARA (62)
2023-06-14 10:18:54,567 - __main__ - INFO - Processing BAPATLA (63)
2023-06-14 10:18:54,893 - __main__ - INFO - Processing BARABANKI (64)
2023-06-14 10:18:55,230 - __main__ - INFO - Processing BARAMULLAH (65)
2023-06-14 10:18:55,491 - __main__ - INFO - Processing BARAN (66)
2023-06-14 10:18:55,773 - __main__ - INFO - Processing BAREILLY (67)
2023-06-14 10:18:56,196 - __main__ - INFO - Processing BARGARH (68)
2023-06-14 10:18:56,504 - __main__ - INFO - Processing BARMER (69)
2023-06-14 10:18:56,840 - __main__ - INFO - Processing BARNALA (70)
2023-06-14 10:18:57,175 - __main__ - INFO - Processing BARPETA (71)
2023-06-14 10:18:57,440 - __main__ - INFO - Processing BASTAR (72)
2023-06-14 10:18:57,711 - __main__ - INFO - Processing BASTI (73)
2023-06-14 10:18:58,038 - __main__ - INFO - Processing BATHINDA (74)
2023-06-14 10:18:58,426 - __main__ - INFO - Processing BEGUSARAI (75)
2023-06-14 10:18:58,713 - __main__ - INFO - Processing BELGAUM (76)
2023-06-14 10:18:59,188 - __main__ - INFO - Processing BELLARY (77)
2023-06-14 10:18:59,512 - __main__ - INFO - Processing BEMETARA (78)
2023-06-14 10:18:59,902 - __main__ - INFO - Processing BETUL (79)
2023-06-14 10:19:00,253 - __main__ - INFO - Processing BHADOHI (80)
2023-06-14 10:19:00,556 - __main__ - INFO - Processing BHADRADRI KOTHAGUDEM (81)
2023-06-14 10:19:00,823 - __main__ - INFO - Processing BHADRAK (82)
2023-06-14 10:19:01,118 - __main__ - INFO - Processing BHAGALPUR (83)
2023-06-14 10:19:01,443 - __main__ - INFO - Processing BHANDARA (84)
2023-06-14 10:19:01,731 - __main__ - INFO - Processing BHARATPUR (85)
2023-06-14 10:19:02,045 - __main__ - INFO - Processing BHARUCH (86)
2023-06-14 10:19:02,341 - __main__ - INFO - Processing BHAVNAGAR (87)
2023-06-14 10:19:02,680 - __main__ - INFO - Processing BHILWARA (88)
2023-06-14 10:19:04,453 - __main__ - INFO - Processing BHIND (89)
2023-06-14 10:19:04,808 - __main__ - INFO - Processing BHIWANI (90)
2023-06-14 10:19:05,215 - __main__ - INFO - Processing BHOJPUR (91)
2023-06-14 10:19:05,786 - __main__ - INFO - Processing BHOPAL (92)
2023-06-14 10:19:06,100 - __main__ - INFO - Processing BID (93)
2023-06-14 10:19:06,434 - __main__ - INFO - Processing BIDAR (94)
2023-06-14 10:19:06,782 - __main__ - INFO - Processing BIJAPUR (95)
2023-06-14 10:19:07,082 - __main__ - INFO - Processing BIJAPUR (96)
2023-06-14 10:19:07,445 - __main__ - INFO - Processing BIJNOR (97)
2023-06-14 10:19:07,774 - __main__ - INFO - Processing BIKANER (98)
2023-06-14 10:19:08,292 - __main__ - INFO - Processing BILASPUR (99)
2023-06-14 10:19:08,616 - __main__ - INFO - Processing BILASPUR (100)
2023-06-14 10:19:08,897 - __main__ - INFO - Processing BIRBHUM (101)
2023-06-14 10:19:09,208 - __main__ - INFO - Processing BISHNUPUR (102)
2023-06-14 10:19:09,506 - __main__ - INFO - Processing BOKARO (103)
2023-06-14 10:19:09,841 - __main__ - INFO - Processing BOLANGIR (104)
2023-06-14 10:19:10,107 - __main__ - INFO - Processing BONGAIGAON (105)
2023-06-14 10:19:10,412 - __main__ - INFO - Processing BOTAD (106)
2023-06-14 10:19:10,676 - __main__ - INFO - Processing BOUDH (107)
2023-06-14 10:19:10,955 - __main__ - INFO - Processing BUDAUN (108)
2023-06-14 10:19:11,269 - __main__ - INFO - Processing BULANDSHAHR (109)
2023-06-14 10:19:11,710 - __main__ - INFO - Processing BULDHANA (110)
2023-06-14 10:19:12,048 - __main__ - INFO - Processing BUNDI (111)
2023-06-14 10:19:12,396 - __main__ - INFO - Processing BURHANPUR (112)
2023-06-14 10:19:12,669 - __main__ - INFO - Processing BUXAR (113)
2023-06-14 10:19:12,948 - __main__ - INFO - Processing Biswanath (114)
2023-06-14 10:19:13,227 - __main__ - INFO - Processing CACHAR (115)
2023-06-14 10:19:13,536 - __main__ - INFO - Processing CHAMBA (116)
2023-06-14 10:19:13,796 - __main__ - INFO - Processing CHAMOLI (117)
2023-06-14 10:19:14,079 - __main__ - INFO - Processing CHAMPAWAT (118)
2023-06-14 10:19:14,353 - __main__ - INFO - Processing CHAMPHAI (119)
2023-06-14 10:19:14,609 - __main__ - INFO - Processing CHAMRAJNAGAR (120)
2023-06-14 10:19:14,984 - __main__ - INFO - Processing CHANDAULI (121)
2023-06-14 10:19:15,327 - __main__ - INFO - Processing CHANDEL (122)
2023-06-14 10:19:15,584 - __main__ - INFO - Processing CHANDIGARH (123)
2023-06-14 10:19:15,828 - __main__ - INFO - Processing CHANDRAPUR (124)
2023-06-14 10:19:16,124 - __main__ - INFO - Processing CHANGLANG (125)
2023-06-14 10:19:16,397 - __main__ - INFO - Processing CHARKI DADRI (126)
2023-06-14 10:19:16,773 - __main__ - INFO - Processing CHATRA (127)
2023-06-14 10:19:17,097 - __main__ - INFO - Processing CHENGALPATTU (128)
2023-06-14 10:19:17,486 - __main__ - INFO - Processing CHENNAI (129)
2023-06-14 10:19:17,966 - __main__ - INFO - Processing CHHATARPUR (130)
2023-06-14 10:19:18,307 - __main__ - INFO - Processing CHHINDWARE (131)
2023-06-14 10:19:18,653 - __main__ - INFO - Processing CHHOTAUDEPUR (132)
2023-06-14 10:19:18,940 - __main__ - INFO - Processing CHIKKABALLAPURA (133)
2023-06-14 10:19:19,283 - __main__ - INFO - Processing CHIKMAGALUR (134)
2023-06-14 10:19:19,600 - __main__ - INFO - Processing CHIRANG (135)
2023-06-14 10:19:19,931 - __main__ - INFO - Processing CHITRADURGA (136)
2023-06-14 10:19:20,270 - __main__ - INFO - Processing CHITRAKUT (137)
2023-06-14 10:19:20,616 - __main__ - INFO - Processing CHITTAURGARH (138)
2023-06-14 10:19:20,938 - __main__ - INFO - Processing CHITTOOR (139)
2023-06-14 10:19:21,289 - __main__ - INFO - Processing CHUMOUKEDIMA (140)
2023-06-14 10:19:21,575 - __main__ - INFO - Processing CHURACHANDPUR (141)
2023-06-14 10:19:21,865 - __main__ - INFO - Processing CHURU (142)
2023-06-14 10:19:22,194 - __main__ - INFO - Processing COIMBATORE (143)
2023-06-14 10:19:22,632 - __main__ - INFO - Processing COOCH BIHAR (144)
2023-06-14 10:19:23,000 - __main__ - INFO - Processing CUDDALORE (145)
2023-06-14 10:19:23,355 - __main__ - INFO - Processing CUDDAPAH (146)
2023-06-14 10:19:23,704 - __main__ - INFO - Processing CUTTACK (147)
2023-06-14 10:19:24,113 - __main__ - INFO - Processing Central Delhi (148)
2023-06-14 10:19:24,389 - __main__ - INFO - Processing Charaideo (149)
2023-06-14 10:19:24,682 - __main__ - INFO - Processing DAHOD (150)
2023-06-14 10:19:24,986 - __main__ - INFO - Processing DAKSHIN DINAJPUR (151)
2023-06-14 10:19:25,280 - __main__ - INFO - Processing DAKSHIN KANNAD (152)
2023-06-14 10:19:25,669 - __main__ - INFO - Processing DAMAN (153)
2023-06-14 10:19:25,952 - __main__ - INFO - Processing DAMOH (154)
2023-06-14 10:19:26,279 - __main__ - INFO - Processing DANTEWADA (155)
2023-06-14 10:19:26,569 - __main__ - INFO - Processing DARBHANGA (156)
2023-06-14 10:19:26,894 - __main__ - INFO - Processing DARJEELING (157)
2023-06-14 10:19:27,201 - __main__ - INFO - Processing DARRANG (158)
2023-06-14 10:19:27,495 - __main__ - INFO - Processing DATIA (159)
2023-06-14 10:19:27,762 - __main__ - INFO - Processing DAUSA (160)
2023-06-14 10:19:28,089 - __main__ - INFO - Processing DAVANGERE (161)
2023-06-14 10:19:28,564 - __main__ - INFO - Processing DEHRADUN (162)
2023-06-14 10:19:28,980 - __main__ - INFO - Processing DEOGARH (163)
2023-06-14 10:19:29,284 - __main__ - INFO - Processing DEOGHAR (164)
2023-06-14 10:19:29,659 - __main__ - INFO - Processing DEORIA (165)
2023-06-14 10:19:30,068 - __main__ - INFO - Processing DEVBHUMI DWARKA (166)
2023-06-14 10:19:30,459 - __main__ - INFO - Processing DEWAS (167)
2023-06-14 10:19:30,814 - __main__ - INFO - Processing DHALAI (168)
2023-06-14 10:19:31,123 - __main__ - INFO - Processing DHAMTARI (169)
2023-06-14 10:19:31,417 - __main__ - INFO - Processing DHANBAD (170)
2023-06-14 10:19:31,779 - __main__ - INFO - Processing DHAR (171)
2023-06-14 10:19:32,178 - __main__ - INFO - Processing DHARMAPURI (172)
2023-06-14 10:19:32,602 - __main__ - INFO - Processing DHARWAD (173)
2023-06-14 10:19:32,997 - __main__ - INFO - Processing DHAULPUR (174)
2023-06-14 10:19:33,272 - __main__ - INFO - Processing DHEMAJI (175)
2023-06-14 10:19:33,578 - __main__ - INFO - Processing DHENKANAL (176)
2023-06-14 10:19:33,891 - __main__ - INFO - Processing DHUBURI (177)
2023-06-14 10:19:34,186 - __main__ - INFO - Processing DHULE (178)
2023-06-14 10:19:34,504 - __main__ - INFO - Processing DIBANG VALLEY (179)
2023-06-14 10:19:34,773 - __main__ - INFO - Processing DIBRUGARH (180)
2023-06-14 10:19:35,127 - __main__ - INFO - Processing DIMA HASAO (181)
2023-06-14 10:19:35,435 - __main__ - INFO - Processing DIMAPUR (182)
2023-06-14 10:19:35,779 - __main__ - INFO - Processing DINDIGUL (183)
2023-06-14 10:19:36,147 - __main__ - INFO - Processing DINDORI (184)
2023-06-14 10:19:36,462 - __main__ - INFO - Processing DIU (185)
2023-06-14 10:19:36,739 - __main__ - INFO - Processing DODA (186)
2023-06-14 10:19:37,028 - __main__ - INFO - Processing DUMKA (187)
2023-06-14 10:19:37,306 - __main__ - INFO - Processing DUNGARPUR (188)
2023-06-14 10:19:37,684 - __main__ - INFO - Processing DURG (189)
2023-06-14 10:19:38,021 - __main__ - INFO - Processing Delhi Shahdara (190)
2023-06-14 10:19:38,319 - __main__ - INFO - Processing EAST CHAMPARAN (191)
2023-06-14 10:19:38,737 - __main__ - INFO - Processing EAST GARO HILLS (192)
2023-06-14 10:19:39,010 - __main__ - INFO - Processing EAST GODAVARI (193)
2023-06-14 10:19:39,342 - __main__ - INFO - Processing EAST IMPHAL (194)
2023-06-14 10:19:39,673 - __main__ - INFO - Processing EAST JAINTIA HILLS (195)
2023-06-14 10:19:39,939 - __main__ - INFO - Processing EAST KHAMENG (196)
2023-06-14 10:19:40,185 - __main__ - INFO - Processing EAST KHASI HILLS (197)
2023-06-14 10:19:40,517 - __main__ - INFO - Processing EAST SIANG (198)
2023-06-14 10:19:40,834 - __main__ - INFO - Processing EAST SINGHBHUM (199)
2023-06-14 10:19:41,182 - __main__ - INFO - Processing ELURU (200)
2023-06-14 10:19:41,600 - __main__ - INFO - Processing ERNAKULAM (201)
2023-06-14 10:19:42,047 - __main__ - INFO - Processing ERODE (202)
2023-06-14 10:19:42,445 - __main__ - INFO - Processing ETAH (203)
2023-06-14 10:19:42,737 - __main__ - INFO - Processing ETAWAH (204)
2023-06-14 10:19:43,045 - __main__ - INFO - Processing East Delhi (205)
2023-06-14 10:19:43,489 - __main__ - INFO - Processing FAIZABAD (206)
2023-06-14 10:19:43,870 - __main__ - INFO - Processing FARIDABAD (207)
2023-06-14 10:19:44,203 - __main__ - INFO - Processing FARIDKOT (208)
2023-06-14 10:19:44,554 - __main__ - INFO - Processing FARRUKKHABAD (209)
2023-06-14 10:19:44,857 - __main__ - INFO - Processing FATEHABAD (210)
2023-06-14 10:19:45,281 - __main__ - INFO - Processing FATEHGARH SAHIB (211)
2023-06-14 10:19:45,611 - __main__ - INFO - Processing FATEHPUR (212)
2023-06-14 10:19:45,956 - __main__ - INFO - Processing FAZILKA (213)
2023-06-14 10:19:46,325 - __main__ - INFO - Processing FIROZABAD (214)
2023-06-14 10:19:46,693 - __main__ - INFO - Processing FIROZPUR (215)
2023-06-14 10:19:47,076 - __main__ - INFO - Processing GADAG (216)
2023-06-14 10:19:47,437 - __main__ - INFO - Processing GADCHIROLI (217)
2023-06-14 10:19:47,755 - __main__ - INFO - Processing GAJAPATI (218)
2023-06-14 10:19:48,076 - __main__ - INFO - Processing GANDERBAL (219)
2023-06-14 10:19:48,394 - __main__ - INFO - Processing GANDHI NAGAR (220)
2023-06-14 10:19:48,740 - __main__ - INFO - Processing GANGANAGAR (221)
2023-06-14 10:19:49,135 - __main__ - INFO - Processing GANGTOK (222)
2023-06-14 10:19:49,421 - __main__ - INFO - Processing GANJAM (223)
2023-06-14 10:19:49,785 - __main__ - INFO - Processing GARHWA (224)
2023-06-14 10:19:50,073 - __main__ - INFO - Processing GARIYABAND (225)
2023-06-14 10:19:50,414 - __main__ - INFO - Processing GAURELA PENDRA MARWA (226)
2023-06-14 10:19:50,695 - __main__ - INFO - Processing GAUTAM BUDH NAGAR (227)
2023-06-14 10:19:51,055 - __main__ - INFO - Processing GAYA (228)
2023-06-14 10:19:51,417 - __main__ - INFO - Processing GHAZIABAD (229)
2023-06-14 10:19:51,779 - __main__ - INFO - Processing GHAZIPUR (230)
2023-06-14 10:19:52,167 - __main__ - INFO - Processing GIR SOMNATH (231)
2023-06-14 10:19:52,508 - __main__ - INFO - Processing GIRIDIH (232)
2023-06-14 10:19:52,854 - __main__ - INFO - Processing GOALPARA (233)
2023-06-14 10:19:53,153 - __main__ - INFO - Processing GODDA (234)
2023-06-14 10:19:53,422 - __main__ - INFO - Processing GOLAGHAT (235)
2023-06-14 10:19:53,764 - __main__ - INFO - Processing GOMATI (236)
2023-06-14 10:19:54,021 - __main__ - INFO - Processing GONDA (237)
2023-06-14 10:19:54,384 - __main__ - INFO - Processing GONDIA (238)
2023-06-14 10:19:54,727 - __main__ - INFO - Processing GOPALGANJ (239)
2023-06-14 10:19:55,060 - __main__ - INFO - Processing GORAKHPUR (240)
2023-06-14 10:19:55,482 - __main__ - INFO - Processing GREATER MUMBAI (241)
2023-06-14 10:19:55,769 - __main__ - INFO - Processing GULBARGA (242)
2023-06-14 10:19:56,139 - __main__ - INFO - Processing GUMLA (243)
2023-06-14 10:19:56,443 - __main__ - INFO - Processing GUNA (244)
2023-06-14 10:19:56,736 - __main__ - INFO - Processing GUNTUR (245)
2023-06-14 10:19:57,069 - __main__ - INFO - Processing GURDASPUR (246)
2023-06-14 10:19:57,449 - __main__ - INFO - Processing GURGAON (247)
2023-06-14 10:19:57,827 - __main__ - INFO - Processing GWALIOR (248)
2023-06-14 10:19:58,183 - __main__ - INFO - Processing GYALSHING (249)
2023-06-14 10:19:58,436 - __main__ - INFO - Processing HAILAKANDI (250)
2023-06-14 10:19:58,736 - __main__ - INFO - Processing HAMIRPUR (251)
2023-06-14 10:19:59,031 - __main__ - INFO - Processing HAMIRPUR (252)
2023-06-14 10:19:59,328 - __main__ - INFO - Processing HANUMANGARH (253)
2023-06-14 10:19:59,667 - __main__ - INFO - Processing HAPUR (254)
2023-06-14 10:20:00,006 - __main__ - INFO - Processing HARDA (255)
2023-06-14 10:20:01,771 - __main__ - INFO - Processing HARDOI (256)
2023-06-14 10:20:02,156 - __main__ - INFO - Processing HARIDWAR (257)
2023-06-14 10:20:02,602 - __main__ - INFO - Processing HASSAN (258)
2023-06-14 10:20:02,970 - __main__ - INFO - Processing HATHRAS (259)
2023-06-14 10:20:03,328 - __main__ - INFO - Processing HAVERI (260)
2023-06-14 10:20:03,729 - __main__ - INFO - Processing HAZARIBAGH (261)
2023-06-14 10:20:04,166 - __main__ - INFO - Processing HINGOLI (262)
2023-06-14 10:20:04,493 - __main__ - INFO - Processing HISAR (263)
2023-06-14 10:20:04,912 - __main__ - INFO - Processing HNAHTHIAL (264)
2023-06-14 10:20:05,225 - __main__ - INFO - Processing HOOGHLY (265)
2023-06-14 10:20:05,567 - __main__ - INFO - Processing HOSHANGABAD (266)
2023-06-14 10:20:05,959 - __main__ - INFO - Processing HOSHIARPUR (267)
2023-06-14 10:20:06,471 - __main__ - INFO - Processing HOWRAH (268)
2023-06-14 10:20:06,881 - __main__ - INFO - Processing HYDERABAD (269)
2023-06-14 10:20:07,312 - __main__ - INFO - Processing Hojai (270)
2023-06-14 10:20:07,662 - __main__ - INFO - Processing IDUKKI (271)
2023-06-14 10:20:07,949 - __main__ - INFO - Processing INDORE (272)
2023-06-14 10:20:08,423 - __main__ - INFO - Processing JABALPUR (273)
2023-06-14 10:20:08,956 - __main__ - INFO - Processing JAGATSINGHPUR (274)
2023-06-14 10:20:09,270 - __main__ - INFO - Processing JAGITIAL (275)
2023-06-14 10:20:09,611 - __main__ - INFO - Processing JAHANABAD (276)
2023-06-14 10:20:09,907 - __main__ - INFO - Processing JAHBUA (277)
2023-06-14 10:20:10,206 - __main__ - INFO - Processing JAIPUR (278)
2023-06-14 10:20:10,705 - __main__ - INFO - Processing JAISALMER (279)
2023-06-14 10:20:10,978 - __main__ - INFO - Processing JAJPUR (280)
2023-06-14 10:20:11,294 - __main__ - INFO - Processing JALANDHAR (281)
2023-06-14 10:20:11,671 - __main__ - INFO - Processing JALAUN (282)
2023-06-14 10:20:12,014 - __main__ - INFO - Processing JALGAON (283)
2023-06-14 10:20:12,450 - __main__ - INFO - Processing JALNA (284)
2023-06-14 10:20:12,780 - __main__ - INFO - Processing JALOR (285)
2023-06-14 10:20:13,126 - __main__ - INFO - Processing JALPAIGURI (286)
2023-06-14 10:20:13,465 - __main__ - INFO - Processing JAMMU (287)
2023-06-14 10:20:13,803 - __main__ - INFO - Processing JAMNAGAR (288)
2023-06-14 10:20:14,171 - __main__ - INFO - Processing JAMTARA (289)
2023-06-14 10:20:14,490 - __main__ - INFO - Processing JAMUI (290)
2023-06-14 10:20:14,821 - __main__ - INFO - Processing JANGAON (291)
2023-06-14 10:20:15,184 - __main__ - INFO - Processing JANJGIR (292)
2023-06-14 10:20:15,535 - __main__ - INFO - Processing JASHPUR (293)
2023-06-14 10:20:15,838 - __main__ - INFO - Processing JAUNPUR (294)
2023-06-14 10:20:16,243 - __main__ - INFO - Processing JAYASHANKAR BHUPALPA (295)
2023-06-14 10:20:16,542 - __main__ - INFO - Processing JHAJJAR (296)
2023-06-14 10:20:16,870 - __main__ - INFO - Processing JHALAWAR (297)
2023-06-14 10:20:17,177 - __main__ - INFO - Processing JHANSI (298)
2023-06-14 10:20:17,509 - __main__ - INFO - Processing JHARGRAM (299)
2023-06-14 10:20:17,843 - __main__ - INFO - Processing JHARSUGUDA (300)
2023-06-14 10:20:18,173 - __main__ - INFO - Processing JHUNJHUNUN (301)
2023-06-14 10:20:18,539 - __main__ - INFO - Processing JIND (302)
2023-06-14 10:20:18,968 - __main__ - INFO - Processing JIRIBAM (303)
2023-06-14 10:20:19,256 - __main__ - INFO - Processing JODHPUR (304)
2023-06-14 10:20:19,802 - __main__ - INFO - Processing JOGULAMBA GADWAL (305)
2023-06-14 10:20:20,119 - __main__ - INFO - Processing JORHAT (306)
2023-06-14 10:20:20,424 - __main__ - INFO - Processing JUNAGADH (307)
2023-06-14 10:20:20,746 - __main__ - INFO - Processing KAIMUR (308)
2023-06-14 10:20:21,049 - __main__ - INFO - Processing KAITHAL (309)
2023-06-14 10:20:21,363 - __main__ - INFO - Processing KAKCHING (310)
2023-06-14 10:20:21,657 - __main__ - INFO - Processing KAKINADA (311)
2023-06-14 10:20:21,983 - __main__ - INFO - Processing KALAHANDI (312)
2023-06-14 10:20:23,797 - __main__ - INFO - Processing KALIMPONG (313)
2023-06-14 10:20:24,086 - __main__ - INFO - Processing KALLAKURICHI (314)
2023-06-14 10:20:24,443 - __main__ - INFO - Processing KAMAREDDY (315)
2023-06-14 10:20:24,782 - __main__ - INFO - Processing KAMJONG (316)
2023-06-14 10:20:25,039 - __main__ - INFO - Processing KAMLE (317)
2023-06-14 10:20:25,324 - __main__ - INFO - Processing KAMRUP (318)
2023-06-14 10:20:25,703 - __main__ - INFO - Processing KANCHIPURAM (319)
2023-06-14 10:20:26,089 - __main__ - INFO - Processing KANDHAMAL (320)
2023-06-14 10:20:27,505 - __main__ - INFO - Processing KANGPOKPI (321)
2023-06-14 10:20:27,782 - __main__ - INFO - Processing KANGRA (322)
2023-06-14 10:20:28,161 - __main__ - INFO - Processing KANKER (323)
2023-06-14 10:20:28,430 - __main__ - INFO - Processing KANNIYAKUMARI (324)
2023-06-14 10:20:28,805 - __main__ - INFO - Processing KANNUAJ (325)
2023-06-14 10:20:29,157 - __main__ - INFO - Processing KANNUR (326)
2023-06-14 10:20:29,531 - __main__ - INFO - Processing KANPUR RURAL (327)
2023-06-14 10:20:29,889 - __main__ - INFO - Processing KANPUR URBAN (328)
2023-06-14 10:20:30,282 - __main__ - INFO - Processing KAPURTHALA (329)
2023-06-14 10:20:30,609 - __main__ - INFO - Processing KARAIKAL (330)
2023-06-14 10:20:36,222 - __main__ - INFO - Processing KARAULI (331)
2023-06-14 10:20:36,475 - __main__ - INFO - Processing KARBI ANGLONG (332)
2023-06-14 10:20:36,744 - __main__ - INFO - Processing KARGIL (333)
2023-06-14 10:20:37,022 - __main__ - INFO - Processing KARIM NAGAR (334)
2023-06-14 10:20:37,363 - __main__ - INFO - Processing KARIMGANJ (335)
2023-06-14 10:20:37,657 - __main__ - INFO - Processing KARNAL (336)
2023-06-14 10:20:38,081 - __main__ - INFO - Processing KARUR (337)
2023-06-14 10:20:38,409 - __main__ - INFO - Processing KASARAGOD (338)
2023-06-14 10:20:38,715 - __main__ - INFO - Processing KASHI RAM NAGAR (339)
2023-06-14 10:20:39,005 - __main__ - INFO - Processing KATHUA (340)
2023-06-14 10:20:39,288 - __main__ - INFO - Processing KATIHAR (341)
2023-06-14 10:20:39,601 - __main__ - INFO - Processing KATNI (342)
2023-06-14 10:20:39,942 - __main__ - INFO - Processing KAUSHAMBI (343)
2023-06-14 10:20:40,241 - __main__ - INFO - Processing KAWARDHA (344)
2023-06-14 10:20:40,505 - __main__ - INFO - Processing KENDRAPARA (345)
2023-06-14 10:20:40,811 - __main__ - INFO - Processing KEONJHAR (346)
2023-06-14 10:20:41,220 - __main__ - INFO - Processing KHAGARIA (347)
2023-06-14 10:20:41,511 - __main__ - INFO - Processing KHAMMAM (348)
2023-06-14 10:20:41,936 - __main__ - INFO - Processing KHANDWA (349)
2023-06-14 10:20:42,288 - __main__ - INFO - Processing KHARGONE (350)
2023-06-14 10:20:42,606 - __main__ - INFO - Processing KHAWZAWL (351)
2023-06-14 10:20:42,937 - __main__ - INFO - Processing KHEDA (352)
2023-06-14 10:20:43,296 - __main__ - INFO - Processing KHORDHA (353)
2023-06-14 10:20:43,669 - __main__ - INFO - Processing KHOWAI (354)
2023-06-14 10:20:43,942 - __main__ - INFO - Processing KHUNTI (355)
2023-06-14 10:20:44,267 - __main__ - INFO - Processing KINNAUR (356)
2023-06-14 10:20:44,556 - __main__ - INFO - Processing KIPHERE (357)
2023-06-14 10:20:44,847 - __main__ - INFO - Processing KISHANGANJ (358)
2023-06-14 10:20:45,136 - __main__ - INFO - Processing KISHTWAR (359)
2023-06-14 10:20:45,419 - __main__ - INFO - Processing KODAGU (360)
2023-06-14 10:20:45,687 - __main__ - INFO - Processing KODERMA (361)
2023-06-14 10:20:46,004 - __main__ - INFO - Processing KOHIMA (362)
2023-06-14 10:20:46,292 - __main__ - INFO - Processing KOKRAJHAR (363)
2023-06-14 10:20:46,599 - __main__ - INFO - Processing KOLAR (364)
2023-06-14 10:20:46,929 - __main__ - INFO - Processing KOLASIB (365)
2023-06-14 10:20:47,222 - __main__ - INFO - Processing KOLHAPUR (366)
2023-06-14 10:20:47,630 - __main__ - INFO - Processing KOLKATA (367)
2023-06-14 10:20:48,038 - __main__ - INFO - Processing KOLLAM (368)
2023-06-14 10:20:48,416 - __main__ - INFO - Processing KOMRAM BHEEM ASIFABA (369)
2023-06-14 10:20:48,704 - __main__ - INFO - Processing KONASEEMA (370)
2023-06-14 10:20:49,035 - __main__ - INFO - Processing KONDAGAON (371)
2023-06-14 10:20:49,314 - __main__ - INFO - Processing KOPPAL (372)
2023-06-14 10:20:49,634 - __main__ - INFO - Processing KORAPUT (373)
2023-06-14 10:20:49,955 - __main__ - INFO - Processing KORBA (374)
2023-06-14 10:20:51,250 - __main__ - INFO - Processing KORIA (375)
2023-06-14 10:20:51,505 - __main__ - INFO - Processing KOTA (376)
2023-06-14 10:20:51,842 - __main__ - INFO - Processing KOTTAYAM (377)
2023-06-14 10:20:52,212 - __main__ - INFO - Processing KOZHIKODE (378)
2023-06-14 10:20:52,562 - __main__ - INFO - Processing KRISHNA (379)
2023-06-14 10:20:52,897 - __main__ - INFO - Processing KRISHNAGIRI (380)
2023-06-14 10:20:53,304 - __main__ - INFO - Processing KULGAM (381)
2023-06-14 10:20:53,570 - __main__ - INFO - Processing KULLU (382)
2023-06-14 10:20:53,868 - __main__ - INFO - Processing KUPWARA (383)
2023-06-14 10:20:54,143 - __main__ - INFO - Processing KURNOOL (384)
2023-06-14 10:20:54,498 - __main__ - INFO - Processing KURUKSHETRA (385)
2023-06-14 10:20:54,866 - __main__ - INFO - Processing KURUNG KUMEY (386)
2023-06-14 10:20:56,313 - __main__ - INFO - Processing KUSHINAGAR (387)
2023-06-14 10:20:56,814 - __main__ - INFO - Processing KUTCH (388)
2023-06-14 10:20:57,246 - __main__ - INFO - Processing Kamrup Metro (389)
2023-06-14 10:20:57,613 - __main__ - INFO - Processing KhairaChukadanGandai (390)
2023-06-14 10:20:57,888 - __main__ - INFO - Processing LAHUL &amp; SPITI (391)
2023-06-14 10:20:58,162 - __main__ - INFO - Processing LAKHIMPUR (392)
2023-06-14 10:20:58,420 - __main__ - INFO - Processing LAKHIMPUR (393)
2023-06-14 10:20:58,863 - __main__ - INFO - Processing LAKSHADWEEP (394)
2023-06-14 10:20:59,141 - __main__ - INFO - Processing LALITPUR (395)
2023-06-14 10:20:59,484 - __main__ - INFO - Processing LATEHAR (396)
2023-06-14 10:20:59,925 - __main__ - INFO - Processing LATUR (397)
2023-06-14 10:21:00,348 - __main__ - INFO - Processing LAWNGTLAI (398)
2023-06-14 10:21:00,622 - __main__ - INFO - Processing LEH (399)
2023-06-14 10:21:00,906 - __main__ - INFO - Processing LEPARADA (400)
2023-06-14 10:21:01,169 - __main__ - INFO - Processing LOHARDAGA (401)
2023-06-14 10:21:01,455 - __main__ - INFO - Processing LOHIT (402)
2023-06-14 10:21:02,557 - __main__ - INFO - Processing LONGDING (403)
2023-06-14 10:21:03,187 - __main__ - INFO - Processing LONGLENG (404)
2023-06-14 10:21:03,442 - __main__ - INFO - Processing LOWER DIBANG VALLEY (405)
2023-06-14 10:21:03,693 - __main__ - INFO - Processing LOWER SIANG (406)
2023-06-14 10:21:04,021 - __main__ - INFO - Processing LOWER SUBANSIRI (407)
2023-06-14 10:21:04,283 - __main__ - INFO - Processing LUCKEESARAI (408)
2023-06-14 10:21:04,553 - __main__ - INFO - Processing LUCKNOW (409)
2023-06-14 10:21:04,951 - __main__ - INFO - Processing LUDHIANA (410)
2023-06-14 10:21:06,695 - __main__ - INFO - Processing LUNGLEI (411)
2023-06-14 10:21:06,959 - __main__ - INFO - Processing MADHEPURA (412)
2023-06-14 10:21:07,284 - __main__ - INFO - Processing MADHUBANI (413)
2023-06-14 10:21:07,623 - __main__ - INFO - Processing MADURAI (414)
2023-06-14 10:21:09,208 - __main__ - INFO - Processing MAHABUBABAD (415)
2023-06-14 10:21:09,512 - __main__ - INFO - Processing MAHARAJGANJ (416)
2023-06-14 10:21:09,901 - __main__ - INFO - Processing MAHASAMUND (417)
2023-06-14 10:21:10,226 - __main__ - INFO - Processing MAHE (418)
2023-06-14 10:21:10,483 - __main__ - INFO - Processing MAHENDRAGARH (419)
2023-06-14 10:21:10,873 - __main__ - INFO - Processing MAHISAGAR (420)
2023-06-14 10:21:11,144 - __main__ - INFO - Processing MAHOBA (421)
2023-06-14 10:21:11,391 - __main__ - INFO - Processing MAINPURI (422)
2023-06-14 10:21:11,846 - __main__ - INFO - Processing MAJULI (423)
2023-06-14 10:21:12,113 - __main__ - INFO - Processing MALAPPURAM (424)
2023-06-14 10:21:12,464 - __main__ - INFO - Processing MALDA (425)
2023-06-14 10:21:12,821 - __main__ - INFO - Processing MALERKOTLA (426)
2023-06-14 10:21:13,102 - __main__ - INFO - Processing MALKANGIRI (427)
2023-06-14 10:21:13,431 - __main__ - INFO - Processing MAMIT (428)
2023-06-14 10:21:13,707 - __main__ - INFO - Processing MANCHERIAL (429)
2023-06-14 10:21:14,012 - __main__ - INFO - Processing MANDI (430)
2023-06-14 10:21:14,398 - __main__ - INFO - Processing MANDLA (431)
2023-06-14 10:21:14,660 - __main__ - INFO - Processing MANDSAUR (432)
2023-06-14 10:21:14,976 - __main__ - INFO - Processing MANDYA (433)
2023-06-14 10:21:15,343 - __main__ - INFO - Processing MANGAN (434)
2023-06-14 10:21:15,620 - __main__ - INFO - Processing MANSA (435)
2023-06-14 10:21:15,955 - __main__ - INFO - Processing MATHURA (436)
2023-06-14 10:21:16,386 - __main__ - INFO - Processing MAUNATHBHANJAN (437)
2023-06-14 10:21:16,830 - __main__ - INFO - Processing MAYILADUTHURAI (438)
2023-06-14 10:21:17,118 - __main__ - INFO - Processing MAYURBHANJ (439)
2023-06-14 10:21:17,487 - __main__ - INFO - Processing MEDAK (440)
2023-06-14 10:21:17,812 - __main__ - INFO - Processing MEDCHAL MALKAJGIRI (441)
2023-06-14 10:21:18,317 - __main__ - INFO - Processing MEERUT (442)
2023-06-14 10:21:18,660 - __main__ - INFO - Processing MEHABUBNAGAR (443)
2023-06-14 10:21:18,995 - __main__ - INFO - Processing MEHSANA (444)
2023-06-14 10:21:19,375 - __main__ - INFO - Processing MEWAT (445)
2023-06-14 10:21:19,737 - __main__ - INFO - Processing MIRZAPUR (446)
2023-06-14 10:21:20,050 - __main__ - INFO - Processing MOGA (447)
2023-06-14 10:21:20,389 - __main__ - INFO - Processing MOKOKCHUNG (448)
2023-06-14 10:21:20,685 - __main__ - INFO - Processing MON (449)
2023-06-14 10:21:20,968 - __main__ - INFO - Processing MORADABAD (450)
2023-06-14 10:21:21,338 - __main__ - INFO - Processing MORBI (451)
2023-06-14 10:21:21,638 - __main__ - INFO - Processing MORENA (452)
2023-06-14 10:21:21,975 - __main__ - INFO - Processing MORIGAON (453)
2023-06-14 10:21:22,237 - __main__ - INFO - Processing MUKTSAR (454)
2023-06-14 10:21:22,545 - __main__ - INFO - Processing MULUGU (455)
2023-06-14 10:21:22,802 - __main__ - INFO - Processing MUMBAI CITY (456)
2023-06-14 10:21:23,066 - __main__ - INFO - Processing MUNGELI (457)
2023-06-14 10:21:23,345 - __main__ - INFO - Processing MUNGER (458)
2023-06-14 10:21:23,624 - __main__ - INFO - Processing MURSHIDABAD (459)
2023-06-14 10:21:23,979 - __main__ - INFO - Processing MUZAFFARNAGAR (460)
2023-06-14 10:21:24,345 - __main__ - INFO - Processing MUZAFFARPUR (461)
2023-06-14 10:21:24,819 - __main__ - INFO - Processing MYSORE (462)
2023-06-14 10:21:25,193 - __main__ - INFO - Processing ManendrChimrBaratpur (463)
2023-06-14 10:21:25,787 - __main__ - INFO - Processing MohlaManpurAmbaChoki (464)
2023-06-14 10:21:26,064 - __main__ - INFO - Processing NABARANGAPUR (465)
2023-06-14 10:21:26,355 - __main__ - INFO - Processing NADIA (466)
2023-06-14 10:21:26,712 - __main__ - INFO - Processing NAGAON (467)
2023-06-14 10:21:26,978 - __main__ - INFO - Processing NAGAPATTINAM (468)
2023-06-14 10:21:27,358 - __main__ - INFO - Processing NAGARKURNOOL (469)
2023-06-14 10:21:27,649 - __main__ - INFO - Processing NAGAUR (470)
2023-06-14 10:21:28,047 - __main__ - INFO - Processing NAGPUR (471)
2023-06-14 10:21:28,430 - __main__ - INFO - Processing NAINITAL (472)
2023-06-14 10:21:28,721 - __main__ - INFO - Processing NALANDA (473)
2023-06-14 10:21:29,041 - __main__ - INFO - Processing NALBARI (474)
2023-06-14 10:21:29,305 - __main__ - INFO - Processing NALGONDA (475)
2023-06-14 10:21:29,691 - __main__ - INFO - Processing NAMAKKAL (476)
2023-06-14 10:21:30,071 - __main__ - INFO - Processing NAMCHI (477)
2023-06-14 10:21:30,345 - __main__ - INFO - Processing NANDED (478)
2023-06-14 10:21:30,677 - __main__ - INFO - Processing NANDURBAR (479)
2023-06-14 10:21:30,942 - __main__ - INFO - Processing NANDYALA (480)
2023-06-14 10:21:31,265 - __main__ - INFO - Processing NARAYANPET (481)
2023-06-14 10:21:31,531 - __main__ - INFO - Processing NARAYANPUR (482)
2023-06-14 10:21:31,795 - __main__ - INFO - Processing NARMADA (483)
2023-06-14 10:21:32,063 - __main__ - INFO - Processing NARSIMHAPUR (484)
2023-06-14 10:21:32,426 - __main__ - INFO - Processing NASHIK (485)
2023-06-14 10:21:32,871 - __main__ - INFO - Processing NAVSARI (486)
2023-06-14 10:21:33,162 - __main__ - INFO - Processing NAWADA (487)
2023-06-14 10:21:33,429 - __main__ - INFO - Processing NAYAGARH (488)
2023-06-14 10:21:33,710 - __main__ - INFO - Processing NEEMACH (489)
2023-06-14 10:21:33,990 - __main__ - INFO - Processing NELLORE (490)
2023-06-14 10:21:34,370 - __main__ - INFO - Processing NICOBAR (491)
2023-06-14 10:21:34,641 - __main__ - INFO - Processing NILGIRIS (492)
2023-06-14 10:21:34,921 - __main__ - INFO - Processing NIRMAL (493)
2023-06-14 10:21:35,192 - __main__ - INFO - Processing NIULAND (494)
2023-06-14 10:21:35,461 - __main__ - INFO - Processing NIWARI (495)
2023-06-14 10:21:35,745 - __main__ - INFO - Processing NIZAMABAD (496)
2023-06-14 10:21:36,140 - __main__ - INFO - Processing NOKLAK (497)
2023-06-14 10:21:36,397 - __main__ - INFO - Processing NONEY (498)
2023-06-14 10:21:36,660 - __main__ - INFO - Processing NORTH 24 PARGANAS (499)
2023-06-14 10:21:37,070 - __main__ - INFO - Processing NORTH GARO HILLS (500)
2023-06-14 10:21:37,340 - __main__ - INFO - Processing NORTH GOA (501)
2023-06-14 10:21:37,646 - __main__ - INFO - Processing NORTH TRIPURA (502)
2023-06-14 10:21:37,936 - __main__ - INFO - Processing NORTH&amp;MIDDLE ANDAMAN (503)
2023-06-14 10:21:38,198 - __main__ - INFO - Processing NTR (504)
2023-06-14 10:21:38,561 - __main__ - INFO - Processing NUAPARHA (505)
2023-06-14 10:21:38,836 - __main__ - INFO - Processing Namsai (506)
2023-06-14 10:21:39,096 - __main__ - INFO - Processing New Delhi (507)
2023-06-14 10:21:39,442 - __main__ - INFO - Processing North Delhi (508)
2023-06-14 10:21:39,710 - __main__ - INFO - Processing North East Delhi (509)
2023-06-14 10:21:39,992 - __main__ - INFO - Processing North West Delhi (510)
2023-06-14 10:21:40,316 - __main__ - INFO - Processing OSMANABAD (511)
2023-06-14 10:21:40,704 - __main__ - INFO - Processing PAKUR (512)
2023-06-14 10:21:41,031 - __main__ - INFO - Processing PAKYONG (513)
2023-06-14 10:21:41,326 - __main__ - INFO - Processing PALAKKAD (514)
2023-06-14 10:21:41,715 - __main__ - INFO - Processing PALAMAU (515)
2023-06-14 10:21:42,038 - __main__ - INFO - Processing PALGHAR (516)
2023-06-14 10:21:42,372 - __main__ - INFO - Processing PALI (517)
2023-06-14 10:21:42,762 - __main__ - INFO - Processing PALNADU (518)
2023-06-14 10:21:43,169 - __main__ - INFO - Processing PALWAL (519)
2023-06-14 10:21:43,549 - __main__ - INFO - Processing PANCH MAHAL (520)
2023-06-14 10:21:43,882 - __main__ - INFO - Processing PANCHKULA (521)
2023-06-14 10:21:44,183 - __main__ - INFO - Processing PANIPAT (522)
2023-06-14 10:21:44,594 - __main__ - INFO - Processing PANNA (523)
2023-06-14 10:21:44,897 - __main__ - INFO - Processing PAPUMPARE (524)
2023-06-14 10:21:45,187 - __main__ - INFO - Processing PARBHANI (525)
2023-06-14 10:21:45,514 - __main__ - INFO - Processing PARVATHIPURAM MANYAM (526)
2023-06-14 10:21:45,824 - __main__ - INFO - Processing PASCHIM BARDHAMAN (527)
2023-06-14 10:21:46,247 - __main__ - INFO - Processing PASCHIM MEDINIPUR (528)
2023-06-14 10:21:46,663 - __main__ - INFO - Processing PATAN (529)
2023-06-14 10:21:47,009 - __main__ - INFO - Processing PATHANANTHITTA (530)
2023-06-14 10:21:47,344 - __main__ - INFO - Processing PATHANKOT (531)
2023-06-14 10:21:47,804 - __main__ - INFO - Processing PATIALA (532)
2023-06-14 10:21:48,210 - __main__ - INFO - Processing PATNA (533)
2023-06-14 10:21:48,622 - __main__ - INFO - Processing PAURI (534)
2023-06-14 10:21:48,935 - __main__ - INFO - Processing PEDDAPALLI (535)
2023-06-14 10:21:49,278 - __main__ - INFO - Processing PERAMBALUR (536)
2023-06-14 10:21:49,562 - __main__ - INFO - Processing PEREN (537)
2023-06-14 10:21:49,828 - __main__ - INFO - Processing PHEK (538)
2023-06-14 10:21:50,143 - __main__ - INFO - Processing PHERZAWL (539)
2023-06-14 10:21:50,453 - __main__ - INFO - Processing PILIBHIT (540)
2023-06-14 10:21:50,872 - __main__ - INFO - Processing PITHORAGARH (541)
2023-06-14 10:21:51,206 - __main__ - INFO - Processing PONDICHERRY (542)
2023-06-14 10:21:51,554 - __main__ - INFO - Processing POONCH (543)
2023-06-14 10:21:51,849 - __main__ - INFO - Processing PORBANDER (544)
2023-06-14 10:21:52,141 - __main__ - INFO - Processing PRAKASAM (545)
2023-06-14 10:21:52,511 - __main__ - INFO - Processing PRATAPGARH (546)
2023-06-14 10:21:52,804 - __main__ - INFO - Processing PRATAPGARH (547)
2023-06-14 10:21:53,174 - __main__ - INFO - Processing PUDUKKOTTAI (548)
2023-06-14 10:21:53,524 - __main__ - INFO - Processing PULWAMA (549)
2023-06-14 10:21:53,808 - __main__ - INFO - Processing PUNE (550)
2023-06-14 10:21:54,360 - __main__ - INFO - Processing PURBA BARDHAMAN (551)
2023-06-14 10:21:54,710 - __main__ - INFO - Processing PURBA MEDINIPUR (552)
2023-06-14 10:21:55,047 - __main__ - INFO - Processing PURI (553)
2023-06-14 10:21:55,354 - __main__ - INFO - Processing PURNIA (554)
2023-06-14 10:21:55,696 - __main__ - INFO - Processing PURULIA (555)
2023-06-14 10:21:56,000 - __main__ - INFO - Processing RAE BARELI (556)
2023-06-14 10:21:56,336 - __main__ - INFO - Processing RAICHUR (557)
2023-06-14 10:21:56,721 - __main__ - INFO - Processing RAIGARH (558)
2023-06-14 10:21:57,069 - __main__ - INFO - Processing RAIGARH (559)
2023-06-14 10:21:57,465 - __main__ - INFO - Processing RAIPUR (560)
2023-06-14 10:21:57,871 - __main__ - INFO - Processing RAISEN (561)
2023-06-14 10:21:58,214 - __main__ - INFO - Processing RAJANNA SIRCILLA (562)
2023-06-14 10:21:59,905 - __main__ - INFO - Processing RAJGARH (563)
2023-06-14 10:22:00,513 - __main__ - INFO - Processing RAJKOT (564)
2023-06-14 10:22:00,981 - __main__ - INFO - Processing RAJNANDGAON (565)
2023-06-14 10:22:01,336 - __main__ - INFO - Processing RAJOURI (566)
2023-06-14 10:22:01,604 - __main__ - INFO - Processing RAJSAMAND (567)
2023-06-14 10:22:01,967 - __main__ - INFO - Processing RAMANAGARA (568)
2023-06-14 10:22:02,324 - __main__ - INFO - Processing RAMANATHAPURAM (569)
2023-06-14 10:22:02,667 - __main__ - INFO - Processing RAMBAN (570)
2023-06-14 10:22:02,952 - __main__ - INFO - Processing RAMGARH (571)
2023-06-14 10:22:03,256 - __main__ - INFO - Processing RAMPUR (572)
2023-06-14 10:22:03,691 - __main__ - INFO - Processing RANCHI (573)
2023-06-14 10:22:04,060 - __main__ - INFO - Processing RANGAREDDI (574)
2023-06-14 10:22:04,427 - __main__ - INFO - Processing RANIPET (575)
2023-06-14 10:22:04,737 - __main__ - INFO - Processing RATLAM (576)
2023-06-14 10:22:05,118 - __main__ - INFO - Processing RATNAGIRI (577)
2023-06-14 10:22:05,425 - __main__ - INFO - Processing RAYAGADA (578)
2023-06-14 10:22:05,703 - __main__ - INFO - Processing REASI (579)
2023-06-14 10:22:05,993 - __main__ - INFO - Processing REWA (580)
2023-06-14 10:22:06,544 - __main__ - INFO - Processing REWARI (581)
2023-06-14 10:22:07,003 - __main__ - INFO - Processing RI BHOI (582)
2023-06-14 10:22:07,619 - __main__ - INFO - Processing ROHTAK (583)
2023-06-14 10:22:08,002 - __main__ - INFO - Processing ROHTAS (584)
2023-06-14 10:22:08,376 - __main__ - INFO - Processing RUDRAPRAYAG (585)
2023-06-14 10:22:08,654 - __main__ - INFO - Processing RUPNAGAR (586)
2023-06-14 10:22:09,010 - __main__ - INFO - Processing SABAR KANTHA (587)
2023-06-14 10:22:09,333 - __main__ - INFO - Processing SAGAR (588)
2023-06-14 10:22:09,804 - __main__ - INFO - Processing SAHARANPUR (589)
2023-06-14 10:22:10,224 - __main__ - INFO - Processing SAHARSA (590)
2023-06-14 10:22:10,641 - __main__ - INFO - Processing SAHIBGANJ (591)
2023-06-14 10:22:10,992 - __main__ - INFO - Processing SAIHA (592)
2023-06-14 10:22:11,313 - __main__ - INFO - Processing SAITUAL (593)
2023-06-14 10:22:11,609 - __main__ - INFO - Processing SALEM (594)
2023-06-14 10:22:12,126 - __main__ - INFO - Processing SAMASTIPUR (595)
2023-06-14 10:22:12,633 - __main__ - INFO - Processing SAMBA (596)
2023-06-14 10:22:13,027 - __main__ - INFO - Processing SAMBALPUR (597)
2023-06-14 10:22:13,469 - __main__ - INFO - Processing SAMBHAL (598)
2023-06-14 10:22:13,874 - __main__ - INFO - Processing SANGAREDDY (599)
2023-06-14 10:22:14,359 - __main__ - INFO - Processing SANGLI (600)
2023-06-14 10:22:14,873 - __main__ - INFO - Processing SANGRUR (601)
2023-06-14 10:22:15,323 - __main__ - INFO - Processing SANT KABIR NAGAR (602)
2023-06-14 10:22:15,613 - __main__ - INFO - Processing SARAIKELA KHARASAWAN (603)
2023-06-14 10:22:15,890 - __main__ - INFO - Processing SARAN (604)
2023-06-14 10:22:16,330 - __main__ - INFO - Processing SAS NAGAR (605)
2023-06-14 10:22:16,725 - __main__ - INFO - Processing SATARA (606)
2023-06-14 10:22:17,159 - __main__ - INFO - Processing SATNA (607)
2023-06-14 10:22:17,483 - __main__ - INFO - Processing SAWAIMADHOPUR (608)
2023-06-14 10:22:17,814 - __main__ - INFO - Processing SEHORE (609)
2023-06-14 10:22:18,220 - __main__ - INFO - Processing SENAPATI (610)
2023-06-14 10:22:18,518 - __main__ - INFO - Processing SEONI (611)
2023-06-14 10:22:18,844 - __main__ - INFO - Processing SEPAHIJHALA (612)
2023-06-14 10:22:19,185 - __main__ - INFO - Processing SERCHHIP (613)
2023-06-14 10:22:19,467 - __main__ - INFO - Processing SEWAN (614)
2023-06-14 10:22:19,809 - __main__ - INFO - Processing SHAHDOL (615)
2023-06-14 10:22:20,116 - __main__ - INFO - Processing SHAHJAHANPUR (616)
2023-06-14 10:22:20,540 - __main__ - INFO - Processing SHAJAPUR (617)
2023-06-14 10:22:20,877 - __main__ - INFO - Processing SHAMLI (618)
2023-06-14 10:22:21,196 - __main__ - INFO - Processing SHD BHAGAT SINGH NGR (619)
2023-06-14 10:22:21,559 - __main__ - INFO - Processing SHEIKHPURA (620)
2023-06-14 10:22:21,834 - __main__ - INFO - Processing SHEOHAR (621)
2023-06-14 10:22:22,143 - __main__ - INFO - Processing SHEOPUR (622)
2023-06-14 10:22:22,461 - __main__ - INFO - Processing SHI-YOMI (623)
2023-06-14 10:22:22,755 - __main__ - INFO - Processing SHIMLA (624)
2023-06-14 10:22:23,112 - __main__ - INFO - Processing SHIMOGA (625)
2023-06-14 10:22:23,504 - __main__ - INFO - Processing SHIVPURI (626)
2023-06-14 10:22:23,868 - __main__ - INFO - Processing SHOPIAN (627)
2023-06-14 10:22:24,190 - __main__ - INFO - Processing SHRAVASTI (628)
2023-06-14 10:22:24,466 - __main__ - INFO - Processing SIANG (629)
2023-06-14 10:22:24,758 - __main__ - INFO - Processing SIBSAGAR (630)
2023-06-14 10:22:25,190 - __main__ - INFO - Processing SIDDIPET (631)
2023-06-14 10:22:25,616 - __main__ - INFO - Processing SIDHARTHNAGAR (632)
2023-06-14 10:22:25,965 - __main__ - INFO - Processing SIDHI (633)
2023-06-14 10:22:26,252 - __main__ - INFO - Processing SIKAR (634)
2023-06-14 10:22:26,724 - __main__ - INFO - Processing SILVASSA (635)
2023-06-14 10:22:27,048 - __main__ - INFO - Processing SIMDEGA (636)
2023-06-14 10:22:27,315 - __main__ - INFO - Processing SINDHUDURG (637)
2023-06-14 10:22:27,588 - __main__ - INFO - Processing SINGRAULI (638)
2023-06-14 10:22:27,940 - __main__ - INFO - Processing SIRMAUR (639)
2023-06-14 10:22:28,295 - __main__ - INFO - Processing SIROHI (640)
2023-06-14 10:22:28,652 - __main__ - INFO - Processing SIRSA (641)
2023-06-14 10:22:29,196 - __main__ - INFO - Processing SITAMARHI (642)
2023-06-14 10:22:29,636 - __main__ - INFO - Processing SITAPUR (643)
2023-06-14 10:22:29,962 - __main__ - INFO - Processing SIVAGANGA (644)
2023-06-14 10:22:30,321 - __main__ - INFO - Processing SOLAN (645)
2023-06-14 10:22:30,671 - __main__ - INFO - Processing SOLAPUR (646)
2023-06-14 10:22:31,054 - __main__ - INFO - Processing SONAPUR (647)
2023-06-14 10:22:31,369 - __main__ - INFO - Processing SONBHADRA (648)
2023-06-14 10:22:31,724 - __main__ - INFO - Processing SONIPAT (649)
2023-06-14 10:22:32,123 - __main__ - INFO - Processing SONITPUR (650)
2023-06-14 10:22:32,513 - __main__ - INFO - Processing SORENG (651)
2023-06-14 10:22:32,775 - __main__ - INFO - Processing SOUTH 24 PARGANAS (652)
2023-06-14 10:22:33,149 - __main__ - INFO - Processing SOUTH ANDAMAN (653)
2023-06-14 10:22:33,415 - __main__ - INFO - Processing SOUTH GARO HILLS (654)
2023-06-14 10:22:33,694 - __main__ - INFO - Processing SOUTH GOA (655)
2023-06-14 10:22:34,033 - __main__ - INFO - Processing SOUTH TRIPURA (656)
2023-06-14 10:22:34,293 - __main__ - INFO - Processing SOUTH WEST GAROHILLS (657)
2023-06-14 10:22:34,598 - __main__ - INFO - Processing SOUTHWEST KHASI HILS (658)
2023-06-14 10:22:34,884 - __main__ - INFO - Processing SRI SATHYA SAI (659)
2023-06-14 10:22:35,929 - __main__ - INFO - Processing SRIKAKULAM (660)
2023-06-14 10:22:36,261 - __main__ - INFO - Processing SRINAGAR (661)
2023-06-14 10:22:36,593 - __main__ - INFO - Processing SUKMA (662)
2023-06-14 10:22:36,863 - __main__ - INFO - Processing SULTANPUR (663)
2023-06-14 10:22:37,196 - __main__ - INFO - Processing SUNDARGARH (664)
2023-06-14 10:22:37,603 - __main__ - INFO - Processing SUPAUL (665)
2023-06-14 10:22:37,904 - __main__ - INFO - Processing SURAJPUR (666)
2023-06-14 10:22:38,210 - __main__ - INFO - Processing SURAT (667)
2023-06-14 10:22:38,703 - __main__ - INFO - Processing SURENDRANAGAR (668)
2023-06-14 10:22:39,081 - __main__ - INFO - Processing SURGUJA (669)
2023-06-14 10:22:39,377 - __main__ - INFO - Processing SURYAPET (670)
2023-06-14 10:22:39,720 - __main__ - INFO - Processing Sakti (671)
2023-06-14 10:22:40,030 - __main__ - INFO - Processing Sarangarh-Bilaigarh (672)
2023-06-14 10:22:40,338 - __main__ - INFO - Processing South Delhi (673)
2023-06-14 10:22:40,652 - __main__ - INFO - Processing South East Delhi (674)
2023-06-14 10:22:40,947 - __main__ - INFO - Processing South West Delhi (675)
2023-06-14 10:22:41,227 - __main__ - INFO - Processing TAMENGLONG (676)
2023-06-14 10:22:41,492 - __main__ - INFO - Processing TAPI (677)
2023-06-14 10:22:41,793 - __main__ - INFO - Processing TARN TARAN (678)
2023-06-14 10:22:42,213 - __main__ - INFO - Processing TAWANG (679)
2023-06-14 10:22:42,491 - __main__ - INFO - Processing TEHRI GARHWAL (680)
2023-06-14 10:22:42,774 - __main__ - INFO - Processing TENGNOUPAL (681)
2023-06-14 10:22:43,058 - __main__ - INFO - Processing TENI (682)
2023-06-14 10:22:43,414 - __main__ - INFO - Processing TENKASI (683)
2023-06-14 10:22:43,807 - __main__ - INFO - Processing THANE (684)
2023-06-14 10:22:44,202 - __main__ - INFO - Processing THANJAVUR (685)
2023-06-14 10:22:44,564 - __main__ - INFO - Processing THE DANGS (686)
2023-06-14 10:22:44,840 - __main__ - INFO - Processing THIRUVANANTHAPURAM (687)
2023-06-14 10:22:45,223 - __main__ - INFO - Processing THIRUVARUR (688)
2023-06-14 10:22:45,575 - __main__ - INFO - Processing THOUBAL (689)
2023-06-14 10:22:45,869 - __main__ - INFO - Processing THRISSUR (690)
2023-06-14 10:22:46,230 - __main__ - INFO - Processing TIKAMGARH (691)
2023-06-14 10:22:46,555 - __main__ - INFO - Processing TINSUKIA (692)
2023-06-14 10:22:46,881 - __main__ - INFO - Processing TIRAP (693)
2023-06-14 10:22:47,182 - __main__ - INFO - Processing TIRUCHCHIRAPPALLI (694)
2023-06-14 10:22:47,568 - __main__ - INFO - Processing TIRUNELVELI (695)
2023-06-14 10:22:47,925 - __main__ - INFO - Processing TIRUPATHUR (696)
2023-06-14 10:22:48,200 - __main__ - INFO - Processing TIRUPATI (697)
2023-06-14 10:22:48,583 - __main__ - INFO - Processing TIRUPUR (698)
2023-06-14 10:22:49,030 - __main__ - INFO - Processing TIRUVALLUR (699)
2023-06-14 10:22:53,498 - __main__ - INFO - Processing TIRUVANNAMALAI (700)
2023-06-14 10:22:53,866 - __main__ - INFO - Processing TONK (701)
2023-06-14 10:22:54,204 - __main__ - INFO - Processing TSEMINYU (702)
2023-06-14 10:22:54,541 - __main__ - INFO - Processing TUENSANG (703)
2023-06-14 10:22:54,836 - __main__ - INFO - Processing TUMKUR (704)
2023-06-14 10:22:55,239 - __main__ - INFO - Processing TUTICORIN (705)
2023-06-14 10:22:55,571 - __main__ - INFO - Processing UDAIPUR (706)
2023-06-14 10:22:55,978 - __main__ - INFO - Processing UDALGURI (707)
2023-06-14 10:22:56,264 - __main__ - INFO - Processing UDHAM SINGH NAGAR (708)
2023-06-14 10:22:56,655 - __main__ - INFO - Processing UDHAMPUR (709)
2023-06-14 10:22:56,926 - __main__ - INFO - Processing UDUPI (710)
2023-06-14 10:22:57,281 - __main__ - INFO - Processing UJJAIN (711)
2023-06-14 10:22:57,668 - __main__ - INFO - Processing UKHRUL (712)
2023-06-14 10:22:58,298 - __main__ - INFO - Processing UMARIA (713)
2023-06-14 10:22:58,599 - __main__ - INFO - Processing UNA (714)
2023-06-14 10:22:58,934 - __main__ - INFO - Processing UNAKOTI (715)
2023-06-14 10:22:59,199 - __main__ - INFO - Processing UNNAO (716)
2023-06-14 10:22:59,601 - __main__ - INFO - Processing UPPER SIANG (717)
2023-06-14 10:23:00,876 - __main__ - INFO - Processing UPPER SIBANSIRI (718)
2023-06-14 10:23:01,158 - __main__ - INFO - Processing UTTAR DINAJPUR (719)
2023-06-14 10:23:04,905 - __main__ - INFO - Processing UTTAR KANNAD (720)
2023-06-14 10:23:05,228 - __main__ - INFO - Processing UTTARKASHI (721)
2023-06-14 10:23:05,515 - __main__ - INFO - Processing VADODARA (722)
2023-06-14 10:23:05,953 - __main__ - INFO - Processing VAISHALI (723)
2023-06-14 10:23:06,286 - __main__ - INFO - Processing VALSAD (724)
2023-06-14 10:23:06,618 - __main__ - INFO - Processing VARANASI (725)
2023-06-14 10:23:07,022 - __main__ - INFO - Processing VELLORE (726)
2023-06-14 10:23:07,349 - __main__ - INFO - Processing VIDISHA (727)
2023-06-14 10:23:07,688 - __main__ - INFO - Processing VIJAYANAGARA (728)
2023-06-14 10:23:08,022 - __main__ - INFO - Processing VIKARABAD (729)
2023-06-14 10:23:08,290 - __main__ - INFO - Processing VILUPPURAM (730)
2023-06-14 10:23:08,621 - __main__ - INFO - Processing VIRUDUNAGAR (731)
2023-06-14 10:23:09,029 - __main__ - INFO - Processing VISHAKHAPATNAM (732)
2023-06-14 10:23:09,307 - __main__ - INFO - Processing VIZIANAGARAM (733)
2023-06-14 10:23:09,621 - __main__ - INFO - Processing WANAPARTHY (734)
2023-06-14 10:23:09,895 - __main__ - INFO - Processing WARANGAL (735)
2023-06-14 10:23:10,271 - __main__ - INFO - Processing WARANGAL RURAL (736)
2023-06-14 10:23:10,604 - __main__ - INFO - Processing WARDHA (737)
2023-06-14 10:23:10,919 - __main__ - INFO - Processing WASHIM (738)
2023-06-14 10:23:11,200 - __main__ - INFO - Processing WAYANAD (739)
2023-06-14 10:23:11,475 - __main__ - INFO - Processing WEST CHAMPARAN (740)
2023-06-14 10:23:11,868 - __main__ - INFO - Processing WEST GARO HILLS (741)
2023-06-14 10:23:12,173 - __main__ - INFO - Processing WEST GODAVARI (742)
2023-06-14 10:23:12,507 - __main__ - INFO - Processing WEST IMPHAL (743)
2023-06-14 10:23:12,962 - __main__ - INFO - Processing WEST JAINTIA HILLS (744)
2023-06-14 10:23:13,236 - __main__ - INFO - Processing WEST KAMENG (745)
2023-06-14 10:23:13,525 - __main__ - INFO - Processing WEST KHASI HILLS (746)
2023-06-14 10:23:15,576 - __main__ - INFO - Processing WEST SIANG (747)
2023-06-14 10:23:15,862 - __main__ - INFO - Processing WEST SINGHBHUM (748)
2023-06-14 10:23:16,219 - __main__ - INFO - Processing WEST TRIPURA (749)
2023-06-14 10:23:16,536 - __main__ - INFO - Processing WOKHA (750)
2023-06-14 10:23:16,816 - __main__ - INFO - Processing West Delhi (751)
2023-06-14 10:23:17,202 - __main__ - INFO - Processing West Karbi Anglong (752)
2023-06-14 10:23:17,489 - __main__ - INFO - Processing YADADRI BHUVANAGIRI (753)
2023-06-14 10:23:17,848 - __main__ - INFO - Processing YADGIR (754)
2023-06-14 10:23:18,205 - __main__ - INFO - Processing YAMUNANAGAR (755)
2023-06-14 10:23:18,610 - __main__ - INFO - Processing YANAM (756)
2023-06-14 10:23:18,913 - __main__ - INFO - Processing YAVATMAL (757)
2023-06-14 10:23:19,242 - __main__ - INFO - Processing ZUNHEBOTO (758)
2023-06-14 10:23:19,516 - __main__ - INFO - Total Records: 38514
